<?xml version="1.0" encoding="UTF-8"?>
<testsuite xmlns:xsi="http://www.w3.org/2001/XMLSchema-instance" xsi:noNamespaceSchemaLocation="https://maven.apache.org/surefire/maven-surefire-plugin/xsd/surefire-test-report-3.0.xsd" version="3.0" name="com.companyname.TP1.TlsTest" time="0.026" tests="1" errors="0" skipped="0" failures="1">
  <properties>
    <property name="java.specification.version" value="21"/>
    <property name="sun.cpu.isalist" value="amd64"/>
    <property name="sun.jnu.encoding" value="Cp1252"/>
    <property name="java.class.path" value="C:\Users\abder\Documents\GitHub\TP1-IFT3913\target\test-classes;C:\Users\abder\Documents\GitHub\TP1-IFT3913\target\classes;C:\Users\abder\.m2\repository\junit\junit\4.13.2\junit-4.13.2.jar;C:\Users\abder\.m2\repository\org\hamcrest\hamcrest-core\1.3\hamcrest-core-1.3.jar;"/>
    <property name="java.vm.vendor" value="Oracle Corporation"/>
    <property name="sun.arch.data.model" value="64"/>
    <property name="user.variant" value=""/>
    <property name="java.vendor.url" value="https://java.oracle.com/"/>
    <property name="user.timezone" value="America/Toronto"/>
    <property name="os.name" value="Windows 10"/>
    <property name="java.vm.specification.version" value="21"/>
    <property name="sun.java.launcher" value="SUN_STANDARD"/>
    <property name="user.country" value="US"/>
    <property name="sun.boot.library.path" value="C:\Program Files\Java\jdk-21\bin"/>
    <property name="sun.java.command" value="C:\Users\abder\AppData\Local\Temp\surefire4258069949375579295\surefirebooter-20231004132917113_3.jar C:\Users\abder\AppData\Local\Temp\surefire4258069949375579295 2023-10-04T13-29-17_020-jvmRun1 surefire-20231004132917113_1tmp surefire_0-20231004132917113_2tmp"/>
    <property name="jdk.debug" value="release"/>
    <property name="surefire.test.class.path" value="C:\Users\abder\Documents\GitHub\TP1-IFT3913\target\test-classes;C:\Users\abder\Documents\GitHub\TP1-IFT3913\target\classes;C:\Users\abder\.m2\repository\junit\junit\4.13.2\junit-4.13.2.jar;C:\Users\abder\.m2\repository\org\hamcrest\hamcrest-core\1.3\hamcrest-core-1.3.jar;"/>
    <property name="sun.cpu.endian" value="little"/>
    <property name="user.home" value="C:\Users\abder"/>
    <property name="user.language" value="en"/>
    <property name="java.specification.vendor" value="Oracle Corporation"/>
    <property name="java.version.date" value="2023-09-19"/>
    <property name="java.home" value="C:\Program Files\Java\jdk-21"/>
    <property name="file.separator" value="\"/>
    <property name="basedir" value="C:\Users\abder\Documents\GitHub\TP1-IFT3913"/>
    <property name="java.vm.compressedOopsMode" value="Zero based"/>
    <property name="line.separator" value="&#10;"/>
    <property name="java.vm.specification.vendor" value="Oracle Corporation"/>
    <property name="java.specification.name" value="Java Platform API Specification"/>
    <property name="surefire.real.class.path" value="C:\Users\abder\AppData\Local\Temp\surefire4258069949375579295\surefirebooter-20231004132917113_3.jar"/>
    <property name="user.script" value=""/>
    <property name="sun.management.compiler" value="HotSpot 64-Bit Tiered Compilers"/>
    <property name="java.runtime.version" value="21+35-LTS-2513"/>
    <property name="user.name" value="abder"/>
    <property name="stdout.encoding" value="Cp1252"/>
    <property name="path.separator" value=";"/>
    <property name="os.version" value="10.0"/>
    <property name="java.runtime.name" value="Java(TM) SE Runtime Environment"/>
    <property name="file.encoding" value="UTF-8"/>
    <property name="java.vm.name" value="Java HotSpot(TM) 64-Bit Server VM"/>
    <property name="localRepository" value="C:\Users\abder\.m2\repository"/>
    <property name="java.vendor.url.bug" value="https://bugreport.java.com/bugreport/"/>
    <property name="java.io.tmpdir" value="C:\Users\abder\AppData\Local\Temp\"/>
    <property name="java.version" value="21"/>
    <property name="user.dir" value="C:\Users\abder\Documents\GitHub\TP1-IFT3913"/>
    <property name="os.arch" value="amd64"/>
    <property name="java.vm.specification.name" value="Java Virtual Machine Specification"/>
    <property name="sun.os.patch.level" value=""/>
    <property name="native.encoding" value="Cp1252"/>
    <property name="java.library.path" value="C:\Program Files\Java\jdk-21\bin;C:\Windows\Sun\Java\bin;C:\Windows\system32;C:\Windows;C:\Program Files\Common Files\Oracle\Java\javapath;C:\Program Files (x86)\Common Files\Oracle\Java\javapath;C:\Windows\system32;C:\Windows;C:\Windows\System32\Wbem;C:\Windows\System32\WindowsPowerShell\v1.0\;C:\Windows\System32\OpenSSH\;C:\Program Files\dotnet\;C:\Program Files\NVIDIA Corporation\NVIDIA NvDLISR;C:\Program Files\Git\cmd;C:\Program Files\nodejs\;C:\apache-maven-3.9.4\bin;&quot;;C:\Program Files\Java\jdk-21\bin&quot;;C:\Program Files\MySQL\MySQL Shell 8.0\bin\;C:\Users\abder\AppData\Local\Microsoft\WindowsApps;C:\Users\abder\AppData\Local\Programs\Microsoft VS Code\bin;C:\Users\abder\AppData\Local\Programs\EmEditor;C:\Users\abder\Desktop\java\Gradle\gradle-7.2\bin;C:\Users\abder\AppData\Local\GitHubDesktop\bin;C:\ghcup\bin;C:\Users\abder\AppData\Roaming\npm;."/>
    <property name="java.vm.info" value="mixed mode, sharing"/>
    <property name="stderr.encoding" value="Cp1252"/>
    <property name="java.vendor" value="Oracle Corporation"/>
    <property name="java.vm.version" value="21+35-LTS-2513"/>
    <property name="sun.io.unicode.encoding" value="UnicodeLittle"/>
    <property name="java.class.version" value="65.0"/>
  </properties>
  <testcase name="testProcessJavaFilesDirectory" classname="com.companyname.TP1.TlsTest" time="0.018">
    <failure message="expected:&lt;...TP1, App, 8, 0, 0.00[ &#10;./TAssertCalculator.java, com.companyname.TP1, TAssertCalculator, 22, 2, 11.00 &#10;./TLocCalculator.java, com.companyname.TP1, TLocCalculator, 29, 0, 0.00 &#10;./Tls.java, com.companyname.TP1, Tls, 53, 0, 0.00 ]&#10;./Tropcomp.java, co...&gt; but was:&lt;...TP1, App, 8, 0, 0.00[&#10;./TAssertCalculator.java, com.companyname.TP1, TAssertCalculator, 22, 2, 11.00&#10;./TLocCalculator.java, com.companyname.TP1, TLocCalculator, 29, 0, 0.00&#10;./Tls.java, com.companyname.TP1, Tls, 53, 0, 0.00&#13;]&#10;./Tropcomp.java, co...&gt;" type="org.junit.ComparisonFailure"><![CDATA[org.junit.ComparisonFailure: 
expected:<...TP1, App, 8, 0, 0.00[ 
./TAssertCalculator.java, com.companyname.TP1, TAssertCalculator, 22, 2, 11.00 
./TLocCalculator.java, com.companyname.TP1, TLocCalculator, 29, 0, 0.00 
./Tls.java, com.companyname.TP1, Tls, 53, 0, 0.00 ]
./Tropcomp.java, co...> but was:<...TP1, App, 8, 0, 0.00[
./TAssertCalculator.java, com.companyname.TP1, TAssertCalculator, 22, 2, 11.00
./TLocCalculator.java, com.companyname.TP1, TLocCalculator, 29, 0, 0.00
./Tls.java, com.companyname.TP1, Tls, 53, 0, 0.00]
./Tropcomp.java, co...>
	at org.junit.Assert.assertEquals(Assert.java:117)
	at org.junit.Assert.assertEquals(Assert.java:146)
	at com.companyname.TP1.TlsTest.testProcessJavaFilesDirectory(TlsTest.java:43)
	at java.base/jdk.internal.reflect.DirectMethodHandleAccessor.invoke(DirectMethodHandleAccessor.java:103)
	at java.base/java.lang.reflect.Method.invoke(Method.java:580)
	at org.junit.runners.model.FrameworkMethod$1.runReflectiveCall(FrameworkMethod.java:59)
	at org.junit.internal.runners.model.ReflectiveCallable.run(ReflectiveCallable.java:12)
	at org.junit.runners.model.FrameworkMethod.invokeExplosively(FrameworkMethod.java:56)
	at org.junit.internal.runners.statements.InvokeMethod.evaluate(InvokeMethod.java:17)
	at org.junit.internal.runners.statements.RunBefores.evaluate(RunBefores.java:26)
	at org.junit.runners.ParentRunner$3.evaluate(ParentRunner.java:306)
	at org.junit.runners.BlockJUnit4ClassRunner$1.evaluate(BlockJUnit4ClassRunner.java:100)
	at org.junit.runners.ParentRunner.runLeaf(ParentRunner.java:366)
	at org.junit.runners.BlockJUnit4ClassRunner.runChild(BlockJUnit4ClassRunner.java:103)
	at org.junit.runners.BlockJUnit4ClassRunner.runChild(BlockJUnit4ClassRunner.java:63)
	at org.junit.runners.ParentRunner$4.run(ParentRunner.java:331)
	at org.junit.runners.ParentRunner$1.schedule(ParentRunner.java:79)
	at org.junit.runners.ParentRunner.runChildren(ParentRunner.java:329)
	at org.junit.runners.ParentRunner.access$100(ParentRunner.java:66)
	at org.junit.runners.ParentRunner$2.evaluate(ParentRunner.java:293)
	at org.junit.runners.ParentRunner$3.evaluate(ParentRunner.java:306)
	at org.junit.runners.ParentRunner.run(ParentRunner.java:413)
	at org.apache.maven.surefire.junit4.JUnit4Provider.execute(JUnit4Provider.java:316)
	at org.apache.maven.surefire.junit4.JUnit4Provider.executeWithRerun(JUnit4Provider.java:240)
	at org.apache.maven.surefire.junit4.JUnit4Provider.executeTestSet(JUnit4Provider.java:214)
	at org.apache.maven.surefire.junit4.JUnit4Provider.invoke(JUnit4Provider.java:155)
	at org.apache.maven.surefire.booter.ForkedBooter.runSuitesInProcess(ForkedBooter.java:385)
	at org.apache.maven.surefire.booter.ForkedBooter.execute(ForkedBooter.java:162)
	at org.apache.maven.surefire.booter.ForkedBooter.run(ForkedBooter.java:507)
	at org.apache.maven.surefire.booter.ForkedBooter.main(ForkedBooter.java:495)
]]></failure>
    <system-out><![CDATA[Expected Output:
./App.java, com.companyname.TP1, App, 8, 0, 0.00 
./TAssertCalculator.java, com.companyname.TP1, TAssertCalculator, 22, 2, 11.00 
./TLocCalculator.java, com.companyname.TP1, TLocCalculator, 29, 0, 0.00 
./Tls.java, com.companyname.TP1, Tls, 53, 0, 0.00 
./Tropcomp.java, com.companyname.TP1, Tropcomp, 1, 0, 0.00 

Actual Output:
Expected length: 313
Actual length: 314
./App.java, com.companyname.TP1, App, 8, 0, 0.00
./TAssertCalculator.java, com.companyname.TP1, TAssertCalculator, 22, 2, 11.00
./TLocCalculator.java, com.companyname.TP1, TLocCalculator, 29, 0, 0.00
./Tls.java, com.companyname.TP1, Tls, 53, 0, 0.00
./Tropcomp.java, com.companyname.TP1, Tropcomp, 1, 0, 0.00

]]></system-out>
  </testcase>
</testsuite>